line profiling: sample.interval=20000
#File 1: C:/Users/Alex/Desktop/Rprojects/openxlsx/R/readWorkbook.R
".External" "unzip" 1#39 "<Anonymous>" 
".External" "unzip" 1#39 "<Anonymous>" 
".External" "unzip" 1#39 "<Anonymous>" 
".External" "unzip" 1#39 "<Anonymous>" 
".External" "unzip" 1#39 "<Anonymous>" 
".External" "unzip" 1#39 "<Anonymous>" 
".External" "unzip" 1#39 "<Anonymous>" 
".External" "unzip" 1#39 "<Anonymous>" 
".External" "unzip" 1#39 "<Anonymous>" 
".External" "unzip" 1#39 "<Anonymous>" 
".Call" 1#94 "<Anonymous>" 
".Call" 1#94 "<Anonymous>" 
".Call" 1#94 "<Anonymous>" 
".Call" 1#94 "<Anonymous>" 
".Call" 1#94 "<Anonymous>" 
".Call" 1#94 "<Anonymous>" 
".Call" 1#94 "<Anonymous>" 
".Call" 1#94 "<Anonymous>" 
".Call" 1#94 "<Anonymous>" 
".Call" 1#94 "<Anonymous>" 
".Call" 1#94 "<Anonymous>" 
".Call" 1#94 "<Anonymous>" 
".Call" 1#94 "<Anonymous>" 
".Call" 1#94 "<Anonymous>" 
".Call" 1#94 "<Anonymous>" 
".Call" 1#94 "<Anonymous>" 
".Call" 1#94 "<Anonymous>" 
".Call" 1#94 "<Anonymous>" 
".Call" 1#94 "<Anonymous>" 
".Call" 1#94 "<Anonymous>" 
".Call" 1#94 "<Anonymous>" 
".Call" 1#94 "<Anonymous>" 
".Call" 1#94 "<Anonymous>" 
".Call" 1#94 "<Anonymous>" 
".Call" 1#94 "<Anonymous>" 
".Call" 1#94 "<Anonymous>" 
".Call" 1#94 "<Anonymous>" 
".Call" 1#94 "<Anonymous>" 
".Call" 1#94 "<Anonymous>" 
".Call" 1#94 "<Anonymous>" 
".Call" 1#94 "<Anonymous>" 
".Call" 1#94 "<Anonymous>" 
".Call" 1#94 "<Anonymous>" 
".Call" 1#94 "<Anonymous>" 
"grepl" 1#95 "<Anonymous>" 
"grepl" 1#95 "<Anonymous>" 
"grepl" 1#95 "<Anonymous>" 
"grepl" 1#95 "<Anonymous>" 
"grepl" 1#95 "<Anonymous>" 
"grepl" 1#95 "<Anonymous>" 
"grepl" 1#95 "<Anonymous>" 
"grepl" 1#95 "<Anonymous>" 
"grepl" 1#95 "<Anonymous>" 
"grepl" 1#95 "<Anonymous>" 
"grepl" 1#95 "<Anonymous>" 
"grepl" 1#95 "<Anonymous>" 
1#95 "<Anonymous>" 
1#95 "<Anonymous>" 
"grepl" 1#101 "<Anonymous>" 
"grepl" 1#101 "<Anonymous>" 
"grepl" 1#101 "<Anonymous>" 
"grepl" 1#101 "<Anonymous>" 
"grepl" 1#101 "<Anonymous>" 
"grepl" 1#101 "<Anonymous>" 
"grepl" 1#101 "<Anonymous>" 
"grepl" 1#101 "<Anonymous>" 
"grepl" 1#101 "<Anonymous>" 
"grepl" 1#101 "<Anonymous>" 
"grepl" 1#101 "<Anonymous>" 
"grepl" 1#101 "<Anonymous>" 
"grepl" 1#101 "<Anonymous>" 
"grepl" 1#101 "<Anonymous>" 
"grepl" 1#101 "<Anonymous>" 
"grepl" 1#101 "<Anonymous>" 
"grepl" 1#101 "<Anonymous>" 
"grepl" 1#101 "<Anonymous>" 
"grepl" 1#101 "<Anonymous>" 
"grepl" 1#101 "<Anonymous>" 
"grepl" 1#101 "<Anonymous>" 
"grepl" 1#101 "<Anonymous>" 
"grepl" 1#101 "<Anonymous>" 
"grepl" 1#101 "<Anonymous>" 
"grepl" 1#101 "<Anonymous>" 
"grepl" 1#101 "<Anonymous>" 
"grepl" 1#101 "<Anonymous>" 
"grepl" 1#101 "<Anonymous>" 
"&" 1#101 "<Anonymous>" 
1#102 "<Anonymous>" 
1#104 "<Anonymous>" 
".Call" 1#107 "<Anonymous>" 
".Call" 1#107 "<Anonymous>" 
".Call" 1#107 "<Anonymous>" 
".Call" 1#107 "<Anonymous>" 
".Call" 1#107 "<Anonymous>" 
".Call" 1#107 "<Anonymous>" 
".Call" 1#107 "<Anonymous>" 
".Call" 1#107 "<Anonymous>" 
".Call" 1#107 "<Anonymous>" 
".Call" 1#107 "<Anonymous>" 
".Call" 1#107 "<Anonymous>" 
".Call" 1#107 "<Anonymous>" 
".Call" 1#107 "<Anonymous>" 
".Call" 1#107 "<Anonymous>" 
".Call" 1#107 "<Anonymous>" 
".Call" 1#107 "<Anonymous>" 
".Call" 1#107 "<Anonymous>" 
".Call" 1#107 "<Anonymous>" 
".Call" 1#107 "<Anonymous>" 
".Call" 1#107 "<Anonymous>" 
".Call" 1#107 "<Anonymous>" 
".Call" 1#107 "<Anonymous>" 
".Call" 1#111 "<Anonymous>" 
".Call" 1#111 "<Anonymous>" 
".Call" 1#111 "<Anonymous>" 
".Call" 1#111 "<Anonymous>" 
".Call" 1#111 "<Anonymous>" 
"grepl" "which" 1#118 "<Anonymous>" 
"grepl" "which" 1#118 "<Anonymous>" 
"grepl" "which" 1#118 "<Anonymous>" 
"grepl" "which" 1#118 "<Anonymous>" 
"grepl" "which" 1#118 "<Anonymous>" 
"grepl" "which" 1#118 "<Anonymous>" 
"grepl" "which" 1#118 "<Anonymous>" 
"grepl" "which" 1#118 "<Anonymous>" 
"grepl" "which" 1#118 "<Anonymous>" 
"grepl" "which" 1#118 "<Anonymous>" 
"grepl" "which" 1#118 "<Anonymous>" 
"grepl" "which" 1#118 "<Anonymous>" 
"grepl" "which" 1#118 "<Anonymous>" 
"grepl" "which" 1#118 "<Anonymous>" 
"grepl" "which" 1#118 "<Anonymous>" 
"grepl" "which" 1#118 "<Anonymous>" 
"grepl" "which" 1#118 "<Anonymous>" 
"grepl" "which" 1#118 "<Anonymous>" 
"grepl" "which" 1#118 "<Anonymous>" 
"grepl" "which" 1#118 "<Anonymous>" 
1#118 "<Anonymous>" 
".Call" 1#118 "<Anonymous>" 
".Call" 1#118 "<Anonymous>" 
".Call" 1#118 "<Anonymous>" 
"grepl" "which" 1#123 "<Anonymous>" 
"grepl" "which" 1#123 "<Anonymous>" 
"match" "na.omit" 1#149 "<Anonymous>" 
"match" "na.omit" 1#149 "<Anonymous>" 
"match" "na.omit" 1#149 "<Anonymous>" 
"match" "na.omit" 1#149 "<Anonymous>" 
"match" "na.omit" 1#149 "<Anonymous>" 
"match" "na.omit" 1#149 "<Anonymous>" 
"match" "na.omit" 1#149 "<Anonymous>" 
"match" "na.omit" 1#149 "<Anonymous>" 
"match" "na.omit" 1#149 "<Anonymous>" 
"match" "na.omit" 1#149 "<Anonymous>" 
"match" "na.omit" 1#149 "<Anonymous>" 
"match" "na.omit" 1#149 "<Anonymous>" 
"match" "na.omit" 1#149 "<Anonymous>" 
"match" "na.omit" 1#149 "<Anonymous>" 
"match" "na.omit" 1#149 "<Anonymous>" 
"match" "na.omit" 1#149 "<Anonymous>" 
"match" "na.omit" 1#149 "<Anonymous>" 
"match" "na.omit" 1#149 "<Anonymous>" 
"match" "na.omit" 1#149 "<Anonymous>" 
"na.omit.default" "na.omit" 1#149 "<Anonymous>" 
"grepl" "which" 1#155 "<Anonymous>" 
"grepl" "which" 1#155 "<Anonymous>" 
"as.numeric" 1#178 "<Anonymous>" 
"as.numeric" 1#178 "<Anonymous>" 
"as.numeric" 1#178 "<Anonymous>" 
"as.numeric" 1#178 "<Anonymous>" 
1#190 "<Anonymous>" 
1#190 "<Anonymous>" 
1#190 "<Anonymous>" 
1#190 "<Anonymous>" 
1#190 "<Anonymous>" 
1#190 "<Anonymous>" 
".Call" 1#198 "<Anonymous>" 
".Call" 1#198 "<Anonymous>" 
".Call" 1#198 "<Anonymous>" 
".Call" 1#198 "<Anonymous>" 
".Call" 1#198 "<Anonymous>" 
".Call" 1#198 "<Anonymous>" 
".Call" 1#198 "<Anonymous>" 
".Call" 1#198 "<Anonymous>" 
".Call" 1#198 "<Anonymous>" 
".Call" 1#198 "<Anonymous>" 
".Call" 1#198 "<Anonymous>" 
".Call" 1#198 "<Anonymous>" 
".Call" 1#198 "<Anonymous>" 
".Call" 1#198 "<Anonymous>" 
".Call" 1#198 "<Anonymous>" 
".Call" 1#198 "<Anonymous>" 
".Call" 1#198 "<Anonymous>" 
".Call" 1#198 "<Anonymous>" 
".Call" 1#198 "<Anonymous>" 
".Call" 1#198 "<Anonymous>" 
".Call" 1#198 "<Anonymous>" 
".Call" 1#198 "<Anonymous>" 
".Call" 1#198 "<Anonymous>" 
".Call" 1#198 "<Anonymous>" 
".Call" 1#198 "<Anonymous>" 
".Call" 1#198 "<Anonymous>" 
".Call" 1#198 "<Anonymous>" 
".Call" 1#198 "<Anonymous>" 
".Call" 1#198 "<Anonymous>" 
".Call" 1#198 "<Anonymous>" 
".Call" 1#198 "<Anonymous>" 
".Call" 1#198 "<Anonymous>" 
".Call" 1#198 "<Anonymous>" 
".Call" 1#198 "<Anonymous>" 
".Call" 1#198 "<Anonymous>" 
".Call" 1#198 "<Anonymous>" 
".Call" 1#198 "<Anonymous>" 
".Call" 1#198 "<Anonymous>" 
".Call" 1#198 "<Anonymous>" 
".Call" 1#198 "<Anonymous>" 
".Call" 1#198 "<Anonymous>" 
".Call" 1#198 "<Anonymous>" 
".Call" 1#198 "<Anonymous>" 
".Call" 1#198 "<Anonymous>" 
".Call" 1#198 "<Anonymous>" 
".Call" 1#198 "<Anonymous>" 
".Call" 1#198 "<Anonymous>" 
".Call" 1#198 "<Anonymous>" 
".Call" 1#198 "<Anonymous>" 
".Call" 1#198 "<Anonymous>" 
".Call" 1#198 "<Anonymous>" 
".Call" 1#198 "<Anonymous>" 
".Call" 1#198 "<Anonymous>" 
".Call" 1#198 "<Anonymous>" 
".Call" 1#198 "<Anonymous>" 
".Call" 1#198 "<Anonymous>" 
".Call" 1#198 "<Anonymous>" 
".Call" 1#198 "<Anonymous>" 
".Call" 1#198 "<Anonymous>" 
".Call" 1#198 "<Anonymous>" 
".Call" 1#198 "<Anonymous>" 
".Call" 1#198 "<Anonymous>" 
".Call" 1#198 "<Anonymous>" 
".Call" 1#198 "<Anonymous>" 
".Call" 1#198 "<Anonymous>" 
".Call" 1#198 "<Anonymous>" 
".Call" 1#198 "<Anonymous>" 
".Call" 1#198 "<Anonymous>" 
".Call" 1#198 "<Anonymous>" 
".Call" 1#198 "<Anonymous>" 
".Call" 1#198 "<Anonymous>" 
".Call" 1#198 "<Anonymous>" 
".Call" 1#198 "<Anonymous>" 
".Call" 1#198 "<Anonymous>" 
".Call" 1#198 "<Anonymous>" 
".Call" 1#198 "<Anonymous>" 
".Call" 1#198 "<Anonymous>" 
".Call" 1#198 "<Anonymous>" 
".Call" 1#198 "<Anonymous>" 
".Call" 1#198 "<Anonymous>" 
".Call" 1#198 "<Anonymous>" 
".Call" 1#198 "<Anonymous>" 
".Call" 1#198 "<Anonymous>" 
".Call" 1#198 "<Anonymous>" 
".Call" 1#198 "<Anonymous>" 
".Call" 1#198 "<Anonymous>" 
".Call" 1#198 "<Anonymous>" 
".Call" 1#198 "<Anonymous>" 
".Call" 1#198 "<Anonymous>" 
".Call" 1#198 "<Anonymous>" 
".Call" 1#198 "<Anonymous>" 
".Call" 1#198 "<Anonymous>" 
".Call" 1#198 "<Anonymous>" 
".Call" 1#198 "<Anonymous>" 
".Call" 1#198 "<Anonymous>" 
".Call" 1#198 "<Anonymous>" 
".Call" 1#198 "<Anonymous>" 
".Call" 1#198 "<Anonymous>" 
".Call" 1#198 "<Anonymous>" 
".Call" 1#198 "<Anonymous>" 
".Call" 1#198 "<Anonymous>" 
".Call" 1#198 "<Anonymous>" 
".Call" 1#198 "<Anonymous>" 
".Call" 1#198 "<Anonymous>" 
".Call" 1#198 "<Anonymous>" 
".Call" 1#198 "<Anonymous>" 
".Call" 1#198 "<Anonymous>" 
".Call" 1#198 "<Anonymous>" 
".Call" 1#198 "<Anonymous>" 
".Call" 1#198 "<Anonymous>" 
".Call" 1#198 "<Anonymous>" 
".Call" 1#198 "<Anonymous>" 
".Call" 1#198 "<Anonymous>" 
".Call" 1#198 "<Anonymous>" 
".Call" 1#198 "<Anonymous>" 
".Call" 1#198 "<Anonymous>" 
".Call" 1#198 "<Anonymous>" 
".Call" 1#198 "<Anonymous>" 
".Call" 1#198 "<Anonymous>" 
".Call" 1#198 "<Anonymous>" 
".Call" 1#198 "<Anonymous>" 
".Call" 1#198 "<Anonymous>" 
".Call" 1#198 "<Anonymous>" 
".Call" 1#198 "<Anonymous>" 
".Call" 1#198 "<Anonymous>" 
".Call" 1#198 "<Anonymous>" 
".Call" 1#198 "<Anonymous>" 
".Call" 1#198 "<Anonymous>" 
".Call" 1#198 "<Anonymous>" 
".Call" 1#198 "<Anonymous>" 
".Call" 1#198 "<Anonymous>" 
".Call" 1#198 "<Anonymous>" 
".Call" 1#198 "<Anonymous>" 
".Call" 1#198 "<Anonymous>" 
".Call" 1#198 "<Anonymous>" 
".Call" 1#198 "<Anonymous>" 
".Call" 1#198 "<Anonymous>" 
".Call" 1#198 "<Anonymous>" 
".Call" 1#198 "<Anonymous>" 
".Call" 1#198 "<Anonymous>" 
".Call" 1#198 "<Anonymous>" 
".Call" 1#198 "<Anonymous>" 
".Call" 1#198 "<Anonymous>" 
".Call" 1#198 "<Anonymous>" 
".Call" 1#198 "<Anonymous>" 
".Call" 1#198 "<Anonymous>" 
".Call" 1#198 "<Anonymous>" 
".Call" 1#198 "<Anonymous>" 
".Call" 1#198 "<Anonymous>" 
".Call" 1#198 "<Anonymous>" 
".Call" 1#198 "<Anonymous>" 
".Call" 1#198 "<Anonymous>" 
".Call" 1#198 "<Anonymous>" 
".Call" 1#198 "<Anonymous>" 
".Call" 1#198 "<Anonymous>" 
".Call" 1#198 "<Anonymous>" 
".Call" 1#198 "<Anonymous>" 
".Call" 1#198 "<Anonymous>" 
".Call" 1#198 "<Anonymous>" 
".Call" 1#198 "<Anonymous>" 
".Call" 1#198 "<Anonymous>" 
".Call" 1#198 "<Anonymous>" 
".Call" 1#198 "<Anonymous>" 
".Call" 1#198 "<Anonymous>" 
".Call" 1#198 "<Anonymous>" 
".Call" 1#198 "<Anonymous>" 
".Call" 1#198 "<Anonymous>" 
".Call" 1#198 "<Anonymous>" 
".Call" 1#198 "<Anonymous>" 
".Call" 1#198 "<Anonymous>" 
".Call" 1#198 "<Anonymous>" 
".Call" 1#198 "<Anonymous>" 
".Call" 1#198 "<Anonymous>" 
".Call" 1#198 "<Anonymous>" 
".Call" 1#198 "<Anonymous>" 
".Call" 1#198 "<Anonymous>" 
".Call" 1#198 "<Anonymous>" 
".Call" 1#198 "<Anonymous>" 
".Call" 1#198 "<Anonymous>" 
".Call" 1#198 "<Anonymous>" 
".Call" 1#198 "<Anonymous>" 
".Call" 1#198 "<Anonymous>" 
".Call" 1#198 "<Anonymous>" 
".Call" 1#198 "<Anonymous>" 
".Call" 1#198 "<Anonymous>" 
".Call" 1#198 "<Anonymous>" 
".Call" 1#198 "<Anonymous>" 
".Call" 1#198 "<Anonymous>" 
".Call" 1#198 "<Anonymous>" 
".Call" 1#198 "<Anonymous>" 
".Call" 1#198 "<Anonymous>" 
".Call" 1#198 "<Anonymous>" 
".Call" 1#198 "<Anonymous>" 
".Call" 1#198 "<Anonymous>" 
".Call" 1#198 "<Anonymous>" 
".Call" 1#198 "<Anonymous>" 
".Call" 1#198 "<Anonymous>" 
".Call" 1#198 "<Anonymous>" 
".Call" 1#198 "<Anonymous>" 
".Call" 1#198 "<Anonymous>" 
".Call" 1#198 "<Anonymous>" 
".Call" 1#198 "<Anonymous>" 
".Call" 1#198 "<Anonymous>" 
".Call" 1#198 "<Anonymous>" 
".Call" 1#198 "<Anonymous>" 
".Call" 1#198 "<Anonymous>" 
".Call" 1#198 "<Anonymous>" 
".Call" 1#198 "<Anonymous>" 
".Call" 1#198 "<Anonymous>" 
".Call" 1#198 "<Anonymous>" 
".Call" 1#198 "<Anonymous>" 
".Call" 1#198 "<Anonymous>" 
".Call" 1#198 "<Anonymous>" 
".Call" 1#198 "<Anonymous>" 
".Call" 1#198 "<Anonymous>" 
".Call" 1#198 "<Anonymous>" 
".Call" 1#198 "<Anonymous>" 
".Call" 1#198 "<Anonymous>" 
".Call" 1#198 "<Anonymous>" 
".Call" 1#198 "<Anonymous>" 
".Call" 1#198 "<Anonymous>" 
".Call" 1#198 "<Anonymous>" 
".Call" 1#198 "<Anonymous>" 
".Call" 1#198 "<Anonymous>" 
".Call" 1#198 "<Anonymous>" 
".Call" 1#198 "<Anonymous>" 
".Call" 1#198 "<Anonymous>" 
".Call" 1#198 "<Anonymous>" 
".Call" 1#198 "<Anonymous>" 
".Call" 1#198 "<Anonymous>" 
".Call" 1#198 "<Anonymous>" 
".Call" 1#198 "<Anonymous>" 
".Call" 1#198 "<Anonymous>" 
".Call" 1#198 "<Anonymous>" 
".Call" 1#198 "<Anonymous>" 
".Call" 1#198 "<Anonymous>" 
".Call" 1#198 "<Anonymous>" 
".Call" 1#198 "<Anonymous>" 
".Call" 1#198 "<Anonymous>" 
".Call" 1#198 "<Anonymous>" 
".Call" 1#198 "<Anonymous>" 
".Call" 1#198 "<Anonymous>" 
".Call" 1#198 "<Anonymous>" 
".Call" 1#198 "<Anonymous>" 
".Call" 1#198 "<Anonymous>" 
".Call" 1#198 "<Anonymous>" 
".Call" 1#198 "<Anonymous>" 
".Call" 1#198 "<Anonymous>" 
".Call" 1#198 "<Anonymous>" 
".Call" 1#198 "<Anonymous>" 
".Call" 1#198 "<Anonymous>" 
".Call" 1#198 "<Anonymous>" 
".Call" 1#198 "<Anonymous>" 
".Call" 1#198 "<Anonymous>" 
".Call" 1#198 "<Anonymous>" 
".Call" 1#198 "<Anonymous>" 
".Call" 1#198 "<Anonymous>" 
".Call" 1#198 "<Anonymous>" 
".Call" 1#198 "<Anonymous>" 
".Call" 1#198 "<Anonymous>" 
".Call" 1#198 "<Anonymous>" 
".Call" 1#198 "<Anonymous>" 
".Call" 1#198 "<Anonymous>" 
".Call" 1#198 "<Anonymous>" 
".Call" 1#198 "<Anonymous>" 
".Call" 1#198 "<Anonymous>" 
".Call" 1#198 "<Anonymous>" 
".Call" 1#198 "<Anonymous>" 
".Call" 1#198 "<Anonymous>" 
".Call" 1#198 "<Anonymous>" 
".Call" 1#198 "<Anonymous>" 
".Call" 1#198 "<Anonymous>" 
".Call" 1#198 "<Anonymous>" 
".Call" 1#198 "<Anonymous>" 
".Call" 1#198 "<Anonymous>" 
".Call" 1#198 "<Anonymous>" 
".Call" 1#198 "<Anonymous>" 
".Call" 1#198 "<Anonymous>" 
".Call" 1#198 "<Anonymous>" 
".Call" 1#198 "<Anonymous>" 
".Call" 1#198 "<Anonymous>" 
".Call" 1#198 "<Anonymous>" 
".Call" 1#198 "<Anonymous>" 
".Call" 1#198 "<Anonymous>" 
".Call" 1#198 "<Anonymous>" 
".Call" 1#198 "<Anonymous>" 
".Call" 1#198 "<Anonymous>" 
".Call" 1#198 "<Anonymous>" 
".Call" 1#198 "<Anonymous>" 
".Call" 1#198 "<Anonymous>" 
".Call" 1#198 "<Anonymous>" 
".Call" 1#198 "<Anonymous>" 
".Call" 1#198 "<Anonymous>" 
".Call" 1#198 "<Anonymous>" 
".Call" 1#198 "<Anonymous>" 
".Call" 1#198 "<Anonymous>" 
".Call" 1#198 "<Anonymous>" 
".Call" 1#198 "<Anonymous>" 
".Call" 1#198 "<Anonymous>" 
".Call" 1#198 "<Anonymous>" 
".Call" 1#198 "<Anonymous>" 
".Call" 1#198 "<Anonymous>" 
".Call" 1#198 "<Anonymous>" 
".Call" 1#198 "<Anonymous>" 
".Call" 1#198 "<Anonymous>" 
".Call" 1#198 "<Anonymous>" 
".Call" 1#198 "<Anonymous>" 
".Call" 1#198 "<Anonymous>" 
".Call" 1#198 "<Anonymous>" 
".Call" 1#198 "<Anonymous>" 
".Call" 1#198 "<Anonymous>" 
".Call" 1#198 "<Anonymous>" 
".Call" 1#198 "<Anonymous>" 
".Call" 1#198 "<Anonymous>" 
".Call" 1#198 "<Anonymous>" 
".Call" 1#198 "<Anonymous>" 
".Call" 1#198 "<Anonymous>" 
".Call" 1#198 "<Anonymous>" 
".Call" 1#198 "<Anonymous>" 
".Call" 1#198 "<Anonymous>" 
".Call" 1#198 "<Anonymous>" 
".Call" 1#198 "<Anonymous>" 
".Call" 1#198 "<Anonymous>" 
".Call" 1#198 "<Anonymous>" 
".Call" 1#198 "<Anonymous>" 
".Call" 1#198 "<Anonymous>" 
".Call" 1#198 "<Anonymous>" 
".Call" 1#198 "<Anonymous>" 
".Call" 1#198 "<Anonymous>" 
".Call" 1#198 "<Anonymous>" 
".Call" 1#198 "<Anonymous>" 
".Call" 1#198 "<Anonymous>" 
".Call" 1#198 "<Anonymous>" 
".Call" 1#198 "<Anonymous>" 
".Call" 1#198 "<Anonymous>" 
".Call" 1#198 "<Anonymous>" 
".Call" 1#198 "<Anonymous>" 
".Call" 1#198 "<Anonymous>" 
".Call" 1#198 "<Anonymous>" 
".Call" 1#198 "<Anonymous>" 
".Call" 1#198 "<Anonymous>" 
".Call" 1#198 "<Anonymous>" 
".Call" 1#198 "<Anonymous>" 
".Call" 1#198 "<Anonymous>" 
".Call" 1#198 "<Anonymous>" 
".Call" 1#198 "<Anonymous>" 
".Call" 1#198 "<Anonymous>" 
".Call" 1#198 "<Anonymous>" 
".Call" 1#198 "<Anonymous>" 
".Call" 1#198 "<Anonymous>" 
".Call" 1#198 "<Anonymous>" 
".Call" 1#198 "<Anonymous>" 
".Call" 1#198 "<Anonymous>" 
".Call" 1#198 "<Anonymous>" 
".Call" 1#198 "<Anonymous>" 
".Call" 1#198 "<Anonymous>" 
".Call" 1#198 "<Anonymous>" 
".Call" 1#198 "<Anonymous>" 
".Call" 1#198 "<Anonymous>" 
".Call" 1#198 "<Anonymous>" 
".Call" 1#198 "<Anonymous>" 
".Call" 1#198 "<Anonymous>" 
".Call" 1#198 "<Anonymous>" 
".Call" 1#198 "<Anonymous>" 
".Call" 1#198 "<Anonymous>" 
".Call" 1#198 "<Anonymous>" 
".Call" 1#198 "<Anonymous>" 
".Call" 1#198 "<Anonymous>" 
".Call" 1#198 "<Anonymous>" 
".Call" 1#198 "<Anonymous>" 
".Call" 1#198 "<Anonymous>" 
".Call" 1#198 "<Anonymous>" 
".Call" 1#198 "<Anonymous>" 
".Call" 1#198 "<Anonymous>" 
".Call" 1#198 "<Anonymous>" 
".Call" 1#198 "<Anonymous>" 
".Call" 1#198 "<Anonymous>" 
".Call" 1#198 "<Anonymous>" 
".Call" 1#198 "<Anonymous>" 
".Call" 1#198 "<Anonymous>" 
".Call" 1#198 "<Anonymous>" 
".Call" 1#198 "<Anonymous>" 
".Call" 1#198 "<Anonymous>" 
".Call" 1#198 "<Anonymous>" 
".Call" 1#198 "<Anonymous>" 
".Call" 1#198 "<Anonymous>" 
".Call" 1#198 "<Anonymous>" 
".Call" 1#198 "<Anonymous>" 
".Call" 1#198 "<Anonymous>" 
".Call" 1#198 "<Anonymous>" 
".Call" 1#198 "<Anonymous>" 
".Call" 1#198 "<Anonymous>" 
".Call" 1#198 "<Anonymous>" 
".Call" 1#198 "<Anonymous>" 
".Call" 1#198 "<Anonymous>" 
".Call" 1#198 "<Anonymous>" 
".Call" 1#198 "<Anonymous>" 
".Call" 1#198 "<Anonymous>" 
".Call" 1#198 "<Anonymous>" 
".Call" 1#198 "<Anonymous>" 
".Call" 1#198 "<Anonymous>" 
".Call" 1#198 "<Anonymous>" 
".Call" 1#198 "<Anonymous>" 
".Call" 1#198 "<Anonymous>" 
".Call" 1#198 "<Anonymous>" 
".Call" 1#198 "<Anonymous>" 
".Call" 1#198 "<Anonymous>" 
".Call" 1#198 "<Anonymous>" 
1#201 "<Anonymous>" 
1#201 "<Anonymous>" 
1#201 "<Anonymous>" 
1#201 "<Anonymous>" 
1#201 "<Anonymous>" 
1#201 "<Anonymous>" 
1#201 "<Anonymous>" 
1#201 "<Anonymous>" 
1#201 "<Anonymous>" 
1#201 "<Anonymous>" 
1#202 "<Anonymous>" 
